{"level":"error","message":"Bad login request from 84.228.90.159Error: Already login","timestamp":"2015-07-29T19:03:41.799Z"}
{"level":"info","message":"Games has been retrieved.Request from address 84.228.90.159.","timestamp":"2015-07-29T21:10:47.387Z"}
{"level":"info","message":"Bad request from 84.228.90.159. Api access token and user id are mandatory.","timestamp":"2015-07-29T21:14:47.153Z"}
{"level":"info","message":"Bad request from 84.228.90.159. Api access token and user id are mandatory.","timestamp":"2015-07-29T21:17:43.752Z"}
{"level":"info","message":"Bad request from 84.228.90.159. Api access token and user id are mandatory.","timestamp":"2015-07-29T21:19:32.277Z"}
{"level":"info","message":"Bad request from 84.228.90.159. Api access token and user id are mandatory.","timestamp":"2015-07-29T21:25:09.142Z"}
{"level":"info","message":"Bad request from 84.228.90.159. Api access token and user id are mandatory.","timestamp":"2015-07-29T21:35:47.211Z"}
{"level":"info","message":"User amit.rotbard@gmail.com successfully logged in using application from: 84.228.90.159.","timestamp":"2015-07-29T21:51:59.112Z"}
{"level":"info","message":"Bad request from 84.228.90.159. Api access token and user id are mandatory.","timestamp":"2015-07-29T23:10:33.417Z"}
{"level":"info","message":"Bad request from 84.228.90.159. Api access token and user id are mandatory.","timestamp":"2015-07-29T23:14:12.392Z"}
{"level":"info","message":"Bad request from 192.118.117.100. Api access token and user id are mandatory.","timestamp":"2015-07-30T07:51:53.911Z"}
{"level":"info","message":"Bad request from 192.118.117.100. Api access token and user id are mandatory.","timestamp":"2015-07-30T08:36:45.700Z"}
{"level":"error","message":"Bad login request from 192.118.117.100Account not found","timestamp":"2015-07-30T08:42:11.536Z"}
{"level":"info","message":"User amit.rotbard@gmail.com successfully logged in using application from: 192.118.117.100.","timestamp":"2015-07-30T08:46:40.167Z"}
{"level":"info","message":"Bad request from 192.118.117.100. Api access token is mandatory.","timestamp":"2015-07-30T08:49:23.597Z"}
{"level":"error","message":"An error has occurred while processing a request  from 192.118.117.100. Stack trace: ReferenceError: userId is not defined\n    at SecurityToken.authorise.then.catch.res.json.error (/opt/node/bet-pool-server/securityPolicy.js:50:40)\n    at _fulfilled (/opt/node/bet-pool-server/node_modules/q/q.js:834:54)\n    at self.promiseDispatch.done (/opt/node/bet-pool-server/node_modules/q/q.js:863:30)\n    at Promise.promise.promiseDispatch (/opt/node/bet-pool-server/node_modules/q/q.js:796:13)\n    at /opt/node/bet-pool-server/node_modules/q/q.js:604:44\n    at runSingle (/opt/node/bet-pool-server/node_modules/q/q.js:137:13)\n    at flush (/opt/node/bet-pool-server/node_modules/q/q.js:125:13)\n    at process._tickCallback (node.js:419:13)","timestamp":"2015-07-30T08:57:18.950Z"}
{"level":"info","message":"User  is not authorised. Request from address 192.118.117.100.","timestamp":"2015-07-30T08:58:17.679Z"}
{"level":"info","message":"Bad request from 192.118.117.100. Api access token is mandatory.","timestamp":"2015-07-30T14:08:46.269Z"}
{"level":"error","message":"An error has occurred while processing a request to create an Event from ::1. Stack trace: Error: ValidationError: name: Path `name` is required.\n    at C:\\js\\bet-pool-server\\repositories\\eventRepository.js:80:20\n    at C:\\js\\bet-pool-server\\node_modules\\mongoose\\lib\\model.js:4074:16\n    at C:\\js\\bet-pool-server\\node_modules\\mongoose\\lib\\services\\model\\applyHooks.js:175:17\n    at _combinedTickCallback (internal/process/next_tick.js:67:7)\n    at process._tickCallback (internal/process/next_tick.js:98:9)","timestamp":"2018-05-13T09:31:10.252Z"}
{"level":"info","message":"Bad request from ::1. Api access token is mandatory.","timestamp":"2018-05-13T10:31:58.750Z"}
{"level":"info","message":"Games has been retrieved.Request from address ::1.","timestamp":"2018-05-13T10:37:14.610Z"}
{"level":"info","message":"Games has been retrieved.Request from address ::1.","timestamp":"2018-05-13T10:54:12.469Z"}
{"level":"error","message":"An error has occurred while processing a request to get Active games  from ::1. Stack trace: Error: Can't set headers after they are sent.\n    at validateHeader (_http_outgoing.js:491:11)\n    at ServerResponse.setHeader (_http_outgoing.js:498:3)\n    at ServerResponse.header (C:\\js\\bet-pool-server\\node_modules\\express\\lib\\response.js:767:10)\n    at ServerResponse.send (C:\\js\\bet-pool-server\\node_modules\\express\\lib\\response.js:170:12)\n    at ServerResponse.json (C:\\js\\bet-pool-server\\node_modules\\express\\lib\\response.js:267:15)\n    at C:\\js\\bet-pool-server\\handlers\\GameHandler.js:134:21\n    at <anonymous>\n    at process._tickCallback (internal/process/next_tick.js:188:7)","timestamp":"2018-05-13T10:54:12.479Z"}
{"level":"info","message":"Games has been retrieved.Request from address ::1.","timestamp":"2018-05-13T10:56:07.920Z"}
{"level":"info","message":"User amit2 successfully logged in using application from: ::1.","timestamp":"2018-05-20T11:58:51.124Z"}
{"level":"info","message":"User amit successfully logged in using application from: ::1.","timestamp":"2018-05-20T19:52:51.961Z"}
{"level":"info","message":"Bad request from ::1. Api access token is mandatory.","timestamp":"2018-05-20T21:14:21.573Z"}
{"level":"info","message":"Bad request from ::1. Api access token is mandatory.","timestamp":"2018-05-20T21:29:59.469Z"}
{"level":"info","message":"Bad request from ::1. Api access token is mandatory.","timestamp":"2018-05-20T21:48:30.389Z"}
{"level":"info","message":"User  is not authorised. Request from address ::1.","timestamp":"2018-05-25T09:44:50.544Z"}
{"level":"info","message":"User amit successfully logged in using application from: ::1.","timestamp":"2018-05-25T09:47:12.331Z"}
{"level":"info","message":"User  is not authorised. Request from address ::1.","timestamp":"2018-05-26T06:11:08.777Z"}
{"level":"info","message":"User amit successfully logged in using application from: ::1.","timestamp":"2018-05-26T06:21:54.481Z"}
{"level":"info","message":"User  is not authorised. Request from address ::1.","timestamp":"2018-05-26T06:36:13.263Z"}
{"level":"info","message":"User amit successfully logged in using application from: ::1.","timestamp":"2018-05-26T07:00:53.475Z"}
{"level":"info","message":"User amit successfully logged in using application from: ::1.","timestamp":"2018-05-26T07:03:01.133Z"}
{"level":"info","message":"User amit successfully logged in using application from: ::1.","timestamp":"2018-05-26T07:04:45.995Z"}
{"level":"info","message":"User amit successfully logged in using application from: ::1.","timestamp":"2018-05-26T07:16:02.021Z"}
{"level":"info","message":"User  is not authorised. Request from address ::1.","timestamp":"2018-05-27T16:49:30.303Z"}
